14:50:38 [App     ] Build date: May 10 2019, 14:47:22
14:50:38 [App     ] CPU: Intel(R) Core(TM) i5-8300H CPU @ 2.30GHz (8 cores)
14:50:38 [App     ] RAM: 7.64GB Physical Memory 3.81GB Virtual Memory
14:50:38 [App     ] OS: Linux 4.15.0-20-generic (x86_64)
14:50:38 [App     ] SSE & AVX compatible CPU & OS detected
14:50:38 [App     ] Command line: -i /data/work/output/qopius/lidl/5/scene.mvs -o /data/work/output/qopius/lidl/4/scene_dense.mvs --optimize 0 --resolution-level 2 -v 4 --number-views 0 --number-views-fuse 2
14:50:38 [App     ] Camera model loaded: platform 0; camera  0; f 0.457x0.457; poses 10
14:50:38 [App     ] Image loaded   0: 0_0_0_0_20190214T153014_411_376_127_88_top_415_375_382_421.jpg
14:50:38 [App     ] Image loaded   1: 0_1_0_1_20190214T153014_411_376_127_88_bottom_415_375_382_421.jpg
14:50:38 [App     ] Image loaded   2: 1_0_1_0_20190214T153021_405_386_125_90_top_415_375_382_421.jpg
14:50:38 [App     ] Image loaded   3: 1_1_1_1_20190214T153021_405_386_125_90_bottom_415_375_382_421.jpg
14:50:38 [App     ] Image loaded   4: 2_0_2_0_20190214T153028_398_395_125_91_top_415_375_382_421.jpg
14:50:38 [App     ] Image loaded   5: 2_1_2_1_20190214T153028_398_395_125_91_bottom_415_375_382_421.jpg
14:50:38 [App     ] Image loaded   6: 3_0_3_0_20190214T153034_391_405_125_90_top_415_375_382_421.jpg
14:50:38 [App     ] Image loaded   7: 3_1_3_1_20190214T153034_391_405_125_90_bottom_415_375_382_421.jpg
14:50:38 [App     ] Image loaded   8: 4_0_4_0_20190214T153041_384_415_125_94_top_415_375_382_421.jpg
14:50:38 [App     ] Image loaded   9: 4_1_4_1_20190214T153041_384_415_125_94_bottom_415_375_382_421.jpg
14:50:38 [App     ] Scene loaded from interface format (204ms):
	10 images (10 calibrated) with a total of 170.86 MPixels (17.09 MPixels/image)
	14560 points, 0 vertices, 0 faces
14:50:38 [App     ] K0 = 
  592.3089     0.0000   645.7247 
    0.0000   592.3089   430.4971 
    0.0000     0.0000     1.0000 

14:50:38 [App     ] R0 = 
    1.0000    -0.0029     0.0020 
    0.0029     0.9999    -0.0127 
   -0.0020     0.0127     0.9999 

14:50:38 [App     ] C0 = 
    0.0004 
   -0.0312 
    0.0032 

14:50:38 [App     ] K1 = 
  592.3089     0.0000   645.7247 
    0.0000   592.3089   430.4971 
    0.0000     0.0000     1.0000 

14:50:38 [App     ] R1 = 
    0.9999    -0.0022     0.0120 
    0.0024     0.9999    -0.0149 
   -0.0120     0.0150     0.9998 

14:50:38 [App     ] C1 = 
    0.3184 
   -0.0373 
   -0.0019 

14:50:39 [App     ] K2 = 
  592.3089     0.0000   645.7247 
    0.0000   592.3089   430.4971 
    0.0000     0.0000     1.0000 

14:50:39 [App     ] R2 = 
    1.0000    -0.0072     0.0014 
    0.0072     0.9998     0.0194 
   -0.0016    -0.0194     0.9998 

14:50:39 [App     ] C2 = 
   -0.0027 
   -0.5195 
   -0.0037 

14:50:39 [App     ] K3 = 
  592.3089     0.0000   645.7247 
    0.0000   592.3089   430.4971 
    0.0000     0.0000     1.0000 

14:50:39 [App     ] R3 = 
    0.9999    -0.0067     0.0117 
    0.0065     0.9998     0.0171 
   -0.0118    -0.0170     0.9998 

14:50:39 [App     ] C3 = 
    0.3153 
   -0.5266 
   -0.0092 

14:50:39 [App     ] K4 = 
  592.3089     0.0000   645.7247 
    0.0000   592.3089   430.4971 
    0.0000     0.0000     1.0000 

14:50:39 [App     ] R4 = 
    1.0000    -0.0089     0.0007 
    0.0089     0.9996     0.0250 
   -0.0010    -0.0250     0.9997 

14:50:39 [App     ] C4 = 
   -0.0063 
   -0.9751 
   -0.0072 

14:50:39 [App     ] K5 = 
  592.3089     0.0000   645.7247 
    0.0000   592.3089   430.4971 
    0.0000     0.0000     1.0000 

14:50:39 [App     ] R5 = 
    0.9999    -0.0085     0.0111 
    0.0082     0.9997     0.0228 
   -0.0113    -0.0227     0.9997 

14:50:39 [App     ] C5 = 
    0.3117 
   -0.9814 
   -0.0128 

14:50:39 [App     ] K6 = 
  592.3089     0.0000   645.7247 
    0.0000   592.3089   430.4971 
    0.0000     0.0000     1.0000 

14:50:39 [App     ] R6 = 
    0.9999    -0.0106    -0.0008 
    0.0106     0.9996     0.0278 
    0.0005    -0.0278     0.9996 

14:50:39 [App     ] C6 = 
   -0.0110 
   -1.4367 
   -0.0116 

