Determining if the pthread_create exist failed with the following output:
Change Dir: /home/anigomez/work/openMVS/build/CMakeFiles/CMakeTmp

Run Build Command:"/usr/bin/make" "cmTC_f13c1/fast"
/usr/bin/make -f CMakeFiles/cmTC_f13c1.dir/build.make CMakeFiles/cmTC_f13c1.dir/build
make[1]: Entering directory '/home/anigomez/work/openMVS/build/CMakeFiles/CMakeTmp'
Building C object CMakeFiles/cmTC_f13c1.dir/CheckSymbolExists.c.o
/usr/bin/cc   -fPIC  -O3 -DNDEBUG   -o CMakeFiles/cmTC_f13c1.dir/CheckSymbolExists.c.o   -c /home/anigomez/work/openMVS/build/CMakeFiles/CMakeTmp/CheckSymbolExists.c
Linking C executable cmTC_f13c1
/usr/bin/cmake -E cmake_link_script CMakeFiles/cmTC_f13c1.dir/link.txt --verbose=1
/usr/bin/cc -fPIC  -O3 -DNDEBUG    -rdynamic CMakeFiles/cmTC_f13c1.dir/CheckSymbolExists.c.o  -o cmTC_f13c1 
CMakeFiles/cmTC_f13c1.dir/CheckSymbolExists.c.o: In function `main':
CheckSymbolExists.c:(.text.startup+0x3): undefined reference to `pthread_create'
collect2: error: ld returned 1 exit status
CMakeFiles/cmTC_f13c1.dir/build.make:97: recipe for target 'cmTC_f13c1' failed
make[1]: *** [cmTC_f13c1] Error 1
make[1]: Leaving directory '/home/anigomez/work/openMVS/build/CMakeFiles/CMakeTmp'
Makefile:126: recipe for target 'cmTC_f13c1/fast' failed
make: *** [cmTC_f13c1/fast] Error 2

File /home/anigomez/work/openMVS/build/CMakeFiles/CMakeTmp/CheckSymbolExists.c:
/* */
#include <pthread.h>

int main(int argc, char** argv)
{
  (void)argv;
#ifndef pthread_create
  return ((int*)(&pthread_create))[argc];
#else
  (void)argc;
  return 0;
#endif
}

Determining if the function pthread_create exists in the pthreads failed with the following output:
Change Dir: /home/anigomez/work/openMVS/build/CMakeFiles/CMakeTmp

Run Build Command:"/usr/bin/make" "cmTC_f9c86/fast"
/usr/bin/make -f CMakeFiles/cmTC_f9c86.dir/build.make CMakeFiles/cmTC_f9c86.dir/build
make[1]: Entering directory '/home/anigomez/work/openMVS/build/CMakeFiles/CMakeTmp'
Building C object CMakeFiles/cmTC_f9c86.dir/CheckFunctionExists.c.o
/usr/bin/cc   -fPIC -DCHECK_FUNCTION_EXISTS=pthread_create -O3 -DNDEBUG   -o CMakeFiles/cmTC_f9c86.dir/CheckFunctionExists.c.o   -c /usr/share/cmake-3.10/Modules/CheckFunctionExists.c
Linking C executable cmTC_f9c86
/usr/bin/cmake -E cmake_link_script CMakeFiles/cmTC_f9c86.dir/link.txt --verbose=1
/usr/bin/cc -fPIC -DCHECK_FUNCTION_EXISTS=pthread_create -O3 -DNDEBUG    -rdynamic CMakeFiles/cmTC_f9c86.dir/CheckFunctionExists.c.o  -o cmTC_f9c86 -lpthreads 
/usr/bin/x86_64-linux-gnu-ld: cannot find -lpthreads
collect2: error: ld returned 1 exit status
CMakeFiles/cmTC_f9c86.dir/build.make:97: recipe for target 'cmTC_f9c86' failed
make[1]: *** [cmTC_f9c86] Error 1
make[1]: Leaving directory '/home/anigomez/work/openMVS/build/CMakeFiles/CMakeTmp'
Makefile:126: recipe for target 'cmTC_f9c86/fast' failed
make: *** [cmTC_f9c86/fast] Error 2


Determining if the pthread_create exist failed with the following output:
Change Dir: /home/anigomez/work/openMVS/build/CMakeFiles/CMakeTmp

Run Build Command:"/usr/bin/make" "cmTC_6fc9f/fast"
/usr/bin/make -f CMakeFiles/cmTC_6fc9f.dir/build.make CMakeFiles/cmTC_6fc9f.dir/build
make[1]: Entering directory '/home/anigomez/work/openMVS/build/CMakeFiles/CMakeTmp'
Building C object CMakeFiles/cmTC_6fc9f.dir/CheckSymbolExists.c.o
/usr/bin/cc   -fPIC  -O3 -DNDEBUG   -o CMakeFiles/cmTC_6fc9f.dir/CheckSymbolExists.c.o   -c /home/anigomez/work/openMVS/build/CMakeFiles/CMakeTmp/CheckSymbolExists.c
Linking C executable cmTC_6fc9f
/usr/bin/cmake -E cmake_link_script CMakeFiles/cmTC_6fc9f.dir/link.txt --verbose=1
/usr/bin/cc -fPIC  -O3 -DNDEBUG    -rdynamic CMakeFiles/cmTC_6fc9f.dir/CheckSymbolExists.c.o  -o cmTC_6fc9f 
CMakeFiles/cmTC_6fc9f.dir/CheckSymbolExists.c.o: In function `main':
CheckSymbolExists.c:(.text.startup+0x3): undefined reference to `pthread_create'
collect2: error: ld returned 1 exit status
CMakeFiles/cmTC_6fc9f.dir/build.make:97: recipe for target 'cmTC_6fc9f' failed
make[1]: *** [cmTC_6fc9f] Error 1
make[1]: Leaving directory '/home/anigomez/work/openMVS/build/CMakeFiles/CMakeTmp'
Makefile:126: recipe for target 'cmTC_6fc9f/fast' failed
make: *** [cmTC_6fc9f/fast] Error 2

File /home/anigomez/work/openMVS/build/CMakeFiles/CMakeTmp/CheckSymbolExists.c:
/* */
#include <pthread.h>

int main(int argc, char** argv)
{
  (void)argv;
#ifndef pthread_create
  return ((int*)(&pthread_create))[argc];
#else
  (void)argc;
  return 0;
#endif
}

Determining if the function pthread_create exists in the pthreads failed with the following output:
Change Dir: /home/anigomez/work/openMVS/build/CMakeFiles/CMakeTmp

Run Build Command:"/usr/bin/make" "cmTC_28bff/fast"
/usr/bin/make -f CMakeFiles/cmTC_28bff.dir/build.make CMakeFiles/cmTC_28bff.dir/build
make[1]: Entering directory '/home/anigomez/work/openMVS/build/CMakeFiles/CMakeTmp'
Building C object CMakeFiles/cmTC_28bff.dir/CheckFunctionExists.c.o
/usr/bin/cc   -fPIC -DCHECK_FUNCTION_EXISTS=pthread_create -O3 -DNDEBUG   -o CMakeFiles/cmTC_28bff.dir/CheckFunctionExists.c.o   -c /usr/share/cmake-3.10/Modules/CheckFunctionExists.c
Linking C executable cmTC_28bff
/usr/bin/cmake -E cmake_link_script CMakeFiles/cmTC_28bff.dir/link.txt --verbose=1
/usr/bin/cc -fPIC -DCHECK_FUNCTION_EXISTS=pthread_create -O3 -DNDEBUG    -rdynamic CMakeFiles/cmTC_28bff.dir/CheckFunctionExists.c.o  -o cmTC_28bff -lpthreads 
/usr/bin/x86_64-linux-gnu-ld: cannot find -lpthreads
collect2: error: ld returned 1 exit status
CMakeFiles/cmTC_28bff.dir/build.make:97: recipe for target 'cmTC_28bff' failed
make[1]: *** [cmTC_28bff] Error 1
make[1]: Leaving directory '/home/anigomez/work/openMVS/build/CMakeFiles/CMakeTmp'
Makefile:126: recipe for target 'cmTC_28bff/fast' failed
make: *** [cmTC_28bff/fast] Error 2


Determining if the pthread_create exist failed with the following output:
Change Dir: /home/anigomez/work/openMVS/build/CMakeFiles/CMakeTmp

Run Build Command:"/usr/bin/make" "cmTC_87661/fast"
/usr/bin/make -f CMakeFiles/cmTC_87661.dir/build.make CMakeFiles/cmTC_87661.dir/build
make[1]: Entering directory '/home/anigomez/work/openMVS/build/CMakeFiles/CMakeTmp'
Building C object CMakeFiles/cmTC_87661.dir/CheckSymbolExists.c.o
/usr/bin/cc   -fPIC  -O3 -DNDEBUG   -o CMakeFiles/cmTC_87661.dir/CheckSymbolExists.c.o   -c /home/anigomez/work/openMVS/build/CMakeFiles/CMakeTmp/CheckSymbolExists.c
Linking C executable cmTC_87661
/usr/bin/cmake -E cmake_link_script CMakeFiles/cmTC_87661.dir/link.txt --verbose=1
/usr/bin/cc -fPIC  -O3 -DNDEBUG    -rdynamic CMakeFiles/cmTC_87661.dir/CheckSymbolExists.c.o  -o cmTC_87661 
CMakeFiles/cmTC_87661.dir/CheckSymbolExists.c.o: In function `main':
CheckSymbolExists.c:(.text.startup+0x3): undefined reference to `pthread_create'
collect2: error: ld returned 1 exit status
CMakeFiles/cmTC_87661.dir/build.make:97: recipe for target 'cmTC_87661' failed
make[1]: *** [cmTC_87661] Error 1
make[1]: Leaving directory '/home/anigomez/work/openMVS/build/CMakeFiles/CMakeTmp'
Makefile:126: recipe for target 'cmTC_87661/fast' failed
make: *** [cmTC_87661/fast] Error 2

File /home/anigomez/work/openMVS/build/CMakeFiles/CMakeTmp/CheckSymbolExists.c:
/* */
#include <pthread.h>

int main(int argc, char** argv)
{
  (void)argv;
#ifndef pthread_create
  return ((int*)(&pthread_create))[argc];
#else
  (void)argc;
  return 0;
#endif
}

Determining if the function pthread_create exists in the pthreads failed with the following output:
Change Dir: /home/anigomez/work/openMVS/build/CMakeFiles/CMakeTmp

Run Build Command:"/usr/bin/make" "cmTC_d7e84/fast"
/usr/bin/make -f CMakeFiles/cmTC_d7e84.dir/build.make CMakeFiles/cmTC_d7e84.dir/build
make[1]: Entering directory '/home/anigomez/work/openMVS/build/CMakeFiles/CMakeTmp'
Building C object CMakeFiles/cmTC_d7e84.dir/CheckFunctionExists.c.o
/usr/bin/cc   -fPIC -DCHECK_FUNCTION_EXISTS=pthread_create -O3 -DNDEBUG   -o CMakeFiles/cmTC_d7e84.dir/CheckFunctionExists.c.o   -c /usr/share/cmake-3.10/Modules/CheckFunctionExists.c
Linking C executable cmTC_d7e84
/usr/bin/cmake -E cmake_link_script CMakeFiles/cmTC_d7e84.dir/link.txt --verbose=1
/usr/bin/cc -fPIC -DCHECK_FUNCTION_EXISTS=pthread_create -O3 -DNDEBUG    -rdynamic CMakeFiles/cmTC_d7e84.dir/CheckFunctionExists.c.o  -o cmTC_d7e84 -lpthreads 
/usr/bin/x86_64-linux-gnu-ld: cannot find -lpthreads
collect2: error: ld returned 1 exit status
CMakeFiles/cmTC_d7e84.dir/build.make:97: recipe for target 'cmTC_d7e84' failed
make[1]: *** [cmTC_d7e84] Error 1
make[1]: Leaving directory '/home/anigomez/work/openMVS/build/CMakeFiles/CMakeTmp'
Makefile:126: recipe for target 'cmTC_d7e84/fast' failed
make: *** [cmTC_d7e84/fast] Error 2


Determining if the pthread_create exist failed with the following output:
Change Dir: /home/anigomez/work/openMVS/build/CMakeFiles/CMakeTmp

Run Build Command:"/usr/bin/make" "cmTC_3305c/fast"
/usr/bin/make -f CMakeFiles/cmTC_3305c.dir/build.make CMakeFiles/cmTC_3305c.dir/build
make[1]: Entering directory '/home/anigomez/work/openMVS/build/CMakeFiles/CMakeTmp'
Building C object CMakeFiles/cmTC_3305c.dir/CheckSymbolExists.c.o
/usr/bin/cc   -fPIC  -O3 -DNDEBUG   -o CMakeFiles/cmTC_3305c.dir/CheckSymbolExists.c.o   -c /home/anigomez/work/openMVS/build/CMakeFiles/CMakeTmp/CheckSymbolExists.c
Linking C executable cmTC_3305c
/usr/bin/cmake -E cmake_link_script CMakeFiles/cmTC_3305c.dir/link.txt --verbose=1
/usr/bin/cc -fPIC  -O3 -DNDEBUG    -rdynamic CMakeFiles/cmTC_3305c.dir/CheckSymbolExists.c.o  -o cmTC_3305c 
CMakeFiles/cmTC_3305c.dir/CheckSymbolExists.c.o: In function `main':
CheckSymbolExists.c:(.text.startup+0x3): undefined reference to `pthread_create'
collect2: error: ld returned 1 exit status
CMakeFiles/cmTC_3305c.dir/build.make:97: recipe for target 'cmTC_3305c' failed
make[1]: *** [cmTC_3305c] Error 1
make[1]: Leaving directory '/home/anigomez/work/openMVS/build/CMakeFiles/CMakeTmp'
Makefile:126: recipe for target 'cmTC_3305c/fast' failed
make: *** [cmTC_3305c/fast] Error 2

File /home/anigomez/work/openMVS/build/CMakeFiles/CMakeTmp/CheckSymbolExists.c:
/* */
#include <pthread.h>

int main(int argc, char** argv)
{
  (void)argv;
#ifndef pthread_create
  return ((int*)(&pthread_create))[argc];
#else
  (void)argc;
  return 0;
#endif
}

Determining if the function pthread_create exists in the pthreads failed with the following output:
Change Dir: /home/anigomez/work/openMVS/build/CMakeFiles/CMakeTmp

Run Build Command:"/usr/bin/make" "cmTC_4bb97/fast"
/usr/bin/make -f CMakeFiles/cmTC_4bb97.dir/build.make CMakeFiles/cmTC_4bb97.dir/build
make[1]: Entering directory '/home/anigomez/work/openMVS/build/CMakeFiles/CMakeTmp'
Building C object CMakeFiles/cmTC_4bb97.dir/CheckFunctionExists.c.o
/usr/bin/cc   -fPIC -DCHECK_FUNCTION_EXISTS=pthread_create -O3 -DNDEBUG   -o CMakeFiles/cmTC_4bb97.dir/CheckFunctionExists.c.o   -c /usr/share/cmake-3.10/Modules/CheckFunctionExists.c
Linking C executable cmTC_4bb97
/usr/bin/cmake -E cmake_link_script CMakeFiles/cmTC_4bb97.dir/link.txt --verbose=1
/usr/bin/cc -fPIC -DCHECK_FUNCTION_EXISTS=pthread_create -O3 -DNDEBUG    -rdynamic CMakeFiles/cmTC_4bb97.dir/CheckFunctionExists.c.o  -o cmTC_4bb97 -lpthreads 
/usr/bin/x86_64-linux-gnu-ld: cannot find -lpthreads
collect2: error: ld returned 1 exit status
CMakeFiles/cmTC_4bb97.dir/build.make:97: recipe for target 'cmTC_4bb97' failed
make[1]: *** [cmTC_4bb97] Error 1
make[1]: Leaving directory '/home/anigomez/work/openMVS/build/CMakeFiles/CMakeTmp'
Makefile:126: recipe for target 'cmTC_4bb97/fast' failed
make: *** [cmTC_4bb97/fast] Error 2


Determining if the pthread_create exist failed with the following output:
Change Dir: /home/anigomez/work/openMVS/build/CMakeFiles/CMakeTmp

Run Build Command:"/usr/bin/make" "cmTC_ffc79/fast"
/usr/bin/make -f CMakeFiles/cmTC_ffc79.dir/build.make CMakeFiles/cmTC_ffc79.dir/build
make[1]: Entering directory '/home/anigomez/work/openMVS/build/CMakeFiles/CMakeTmp'
Building C object CMakeFiles/cmTC_ffc79.dir/CheckSymbolExists.c.o
/usr/bin/cc   -fPIC  -O3 -DNDEBUG   -o CMakeFiles/cmTC_ffc79.dir/CheckSymbolExists.c.o   -c /home/anigomez/work/openMVS/build/CMakeFiles/CMakeTmp/CheckSymbolExists.c
Linking C executable cmTC_ffc79
/usr/bin/cmake -E cmake_link_script CMakeFiles/cmTC_ffc79.dir/link.txt --verbose=1
/usr/bin/cc -fPIC  -O3 -DNDEBUG    -rdynamic CMakeFiles/cmTC_ffc79.dir/CheckSymbolExists.c.o  -o cmTC_ffc79 
CMakeFiles/cmTC_ffc79.dir/CheckSymbolExists.c.o: In function `main':
CheckSymbolExists.c:(.text.startup+0x3): undefined reference to `pthread_create'
collect2: error: ld returned 1 exit status
CMakeFiles/cmTC_ffc79.dir/build.make:97: recipe for target 'cmTC_ffc79' failed
make[1]: *** [cmTC_ffc79] Error 1
make[1]: Leaving directory '/home/anigomez/work/openMVS/build/CMakeFiles/CMakeTmp'
Makefile:126: recipe for target 'cmTC_ffc79/fast' failed
make: *** [cmTC_ffc79/fast] Error 2

File /home/anigomez/work/openMVS/build/CMakeFiles/CMakeTmp/CheckSymbolExists.c:
/* */
#include <pthread.h>

int main(int argc, char** argv)
{
  (void)argv;
#ifndef pthread_create
  return ((int*)(&pthread_create))[argc];
#else
  (void)argc;
  return 0;
#endif
}

Determining if the function pthread_create exists in the pthreads failed with the following output:
Change Dir: /home/anigomez/work/openMVS/build/CMakeFiles/CMakeTmp

Run Build Command:"/usr/bin/make" "cmTC_cd8ae/fast"
/usr/bin/make -f CMakeFiles/cmTC_cd8ae.dir/build.make CMakeFiles/cmTC_cd8ae.dir/build
make[1]: Entering directory '/home/anigomez/work/openMVS/build/CMakeFiles/CMakeTmp'
Building C object CMakeFiles/cmTC_cd8ae.dir/CheckFunctionExists.c.o
/usr/bin/cc   -fPIC -DCHECK_FUNCTION_EXISTS=pthread_create -O3 -DNDEBUG   -o CMakeFiles/cmTC_cd8ae.dir/CheckFunctionExists.c.o   -c /usr/share/cmake-3.10/Modules/CheckFunctionExists.c
Linking C executable cmTC_cd8ae
/usr/bin/cmake -E cmake_link_script CMakeFiles/cmTC_cd8ae.dir/link.txt --verbose=1
/usr/bin/cc -fPIC -DCHECK_FUNCTION_EXISTS=pthread_create -O3 -DNDEBUG    -rdynamic CMakeFiles/cmTC_cd8ae.dir/CheckFunctionExists.c.o  -o cmTC_cd8ae -lpthreads 
/usr/bin/x86_64-linux-gnu-ld: cannot find -lpthreads
collect2: error: ld returned 1 exit status
CMakeFiles/cmTC_cd8ae.dir/build.make:97: recipe for target 'cmTC_cd8ae' failed
make[1]: *** [cmTC_cd8ae] Error 1
make[1]: Leaving directory '/home/anigomez/work/openMVS/build/CMakeFiles/CMakeTmp'
Makefile:126: recipe for target 'cmTC_cd8ae/fast' failed
make: *** [cmTC_cd8ae/fast] Error 2


Determining if the pthread_create exist failed with the following output:
Change Dir: /home/anigomez/work/openMVS/build/CMakeFiles/CMakeTmp

Run Build Command:"/usr/bin/make" "cmTC_b6c89/fast"
/usr/bin/make -f CMakeFiles/cmTC_b6c89.dir/build.make CMakeFiles/cmTC_b6c89.dir/build
make[1]: Entering directory '/home/anigomez/work/openMVS/build/CMakeFiles/CMakeTmp'
Building C object CMakeFiles/cmTC_b6c89.dir/CheckSymbolExists.c.o
/usr/bin/cc   -fPIC  -O3 -DNDEBUG   -o CMakeFiles/cmTC_b6c89.dir/CheckSymbolExists.c.o   -c /home/anigomez/work/openMVS/build/CMakeFiles/CMakeTmp/CheckSymbolExists.c
Linking C executable cmTC_b6c89
/usr/bin/cmake -E cmake_link_script CMakeFiles/cmTC_b6c89.dir/link.txt --verbose=1
/usr/bin/cc -fPIC  -O3 -DNDEBUG    -rdynamic CMakeFiles/cmTC_b6c89.dir/CheckSymbolExists.c.o  -o cmTC_b6c89 
CMakeFiles/cmTC_b6c89.dir/CheckSymbolExists.c.o: In function `main':
CheckSymbolExists.c:(.text.startup+0x3): undefined reference to `pthread_create'
collect2: error: ld returned 1 exit status
CMakeFiles/cmTC_b6c89.dir/build.make:97: recipe for target 'cmTC_b6c89' failed
make[1]: *** [cmTC_b6c89] Error 1
make[1]: Leaving directory '/home/anigomez/work/openMVS/build/CMakeFiles/CMakeTmp'
Makefile:126: recipe for target 'cmTC_b6c89/fast' failed
make: *** [cmTC_b6c89/fast] Error 2

File /home/anigomez/work/openMVS/build/CMakeFiles/CMakeTmp/CheckSymbolExists.c:
/* */
#include <pthread.h>

int main(int argc, char** argv)
{
  (void)argv;
#ifndef pthread_create
  return ((int*)(&pthread_create))[argc];
#else
  (void)argc;
  return 0;
#endif
}

Determining if the function pthread_create exists in the pthreads failed with the following output:
Change Dir: /home/anigomez/work/openMVS/build/CMakeFiles/CMakeTmp

Run Build Command:"/usr/bin/make" "cmTC_67a23/fast"
/usr/bin/make -f CMakeFiles/cmTC_67a23.dir/build.make CMakeFiles/cmTC_67a23.dir/build
make[1]: Entering directory '/home/anigomez/work/openMVS/build/CMakeFiles/CMakeTmp'
Building C object CMakeFiles/cmTC_67a23.dir/CheckFunctionExists.c.o
/usr/bin/cc   -fPIC -DCHECK_FUNCTION_EXISTS=pthread_create -O3 -DNDEBUG   -o CMakeFiles/cmTC_67a23.dir/CheckFunctionExists.c.o   -c /usr/share/cmake-3.10/Modules/CheckFunctionExists.c
Linking C executable cmTC_67a23
/usr/bin/cmake -E cmake_link_script CMakeFiles/cmTC_67a23.dir/link.txt --verbose=1
/usr/bin/cc -fPIC -DCHECK_FUNCTION_EXISTS=pthread_create -O3 -DNDEBUG    -rdynamic CMakeFiles/cmTC_67a23.dir/CheckFunctionExists.c.o  -o cmTC_67a23 -lpthreads 
/usr/bin/x86_64-linux-gnu-ld: cannot find -lpthreads
collect2: error: ld returned 1 exit status
CMakeFiles/cmTC_67a23.dir/build.make:97: recipe for target 'cmTC_67a23' failed
make[1]: *** [cmTC_67a23] Error 1
make[1]: Leaving directory '/home/anigomez/work/openMVS/build/CMakeFiles/CMakeTmp'
Makefile:126: recipe for target 'cmTC_67a23/fast' failed
make: *** [cmTC_67a23/fast] Error 2


Determining if the pthread_create exist failed with the following output:
Change Dir: /home/anigomez/work/openMVS/build/CMakeFiles/CMakeTmp

Run Build Command:"/usr/bin/make" "cmTC_91732/fast"
/usr/bin/make -f CMakeFiles/cmTC_91732.dir/build.make CMakeFiles/cmTC_91732.dir/build
make[1]: Entering directory '/home/anigomez/work/openMVS/build/CMakeFiles/CMakeTmp'
Building C object CMakeFiles/cmTC_91732.dir/CheckSymbolExists.c.o
/usr/bin/cc   -fPIC  -O3 -DNDEBUG   -o CMakeFiles/cmTC_91732.dir/CheckSymbolExists.c.o   -c /home/anigomez/work/openMVS/build/CMakeFiles/CMakeTmp/CheckSymbolExists.c
Linking C executable cmTC_91732
/usr/bin/cmake -E cmake_link_script CMakeFiles/cmTC_91732.dir/link.txt --verbose=1
/usr/bin/cc -fPIC  -O3 -DNDEBUG    -rdynamic CMakeFiles/cmTC_91732.dir/CheckSymbolExists.c.o  -o cmTC_91732 
CMakeFiles/cmTC_91732.dir/CheckSymbolExists.c.o: In function `main':
CheckSymbolExists.c:(.text.startup+0x3): undefined reference to `pthread_create'
collect2: error: ld returned 1 exit status
CMakeFiles/cmTC_91732.dir/build.make:97: recipe for target 'cmTC_91732' failed
make[1]: *** [cmTC_91732] Error 1
make[1]: Leaving directory '/home/anigomez/work/openMVS/build/CMakeFiles/CMakeTmp'
Makefile:126: recipe for target 'cmTC_91732/fast' failed
make: *** [cmTC_91732/fast] Error 2

File /home/anigomez/work/openMVS/build/CMakeFiles/CMakeTmp/CheckSymbolExists.c:
/* */
#include <pthread.h>

int main(int argc, char** argv)
{
  (void)argv;
#ifndef pthread_create
  return ((int*)(&pthread_create))[argc];
#else
  (void)argc;
  return 0;
#endif
}

Determining if the function pthread_create exists in the pthreads failed with the following output:
Change Dir: /home/anigomez/work/openMVS/build/CMakeFiles/CMakeTmp

Run Build Command:"/usr/bin/make" "cmTC_82acd/fast"
/usr/bin/make -f CMakeFiles/cmTC_82acd.dir/build.make CMakeFiles/cmTC_82acd.dir/build
make[1]: Entering directory '/home/anigomez/work/openMVS/build/CMakeFiles/CMakeTmp'
Building C object CMakeFiles/cmTC_82acd.dir/CheckFunctionExists.c.o
/usr/bin/cc   -fPIC -DCHECK_FUNCTION_EXISTS=pthread_create -O3 -DNDEBUG   -o CMakeFiles/cmTC_82acd.dir/CheckFunctionExists.c.o   -c /usr/share/cmake-3.10/Modules/CheckFunctionExists.c
Linking C executable cmTC_82acd
/usr/bin/cmake -E cmake_link_script CMakeFiles/cmTC_82acd.dir/link.txt --verbose=1
/usr/bin/cc -fPIC -DCHECK_FUNCTION_EXISTS=pthread_create -O3 -DNDEBUG    -rdynamic CMakeFiles/cmTC_82acd.dir/CheckFunctionExists.c.o  -o cmTC_82acd -lpthreads 
/usr/bin/x86_64-linux-gnu-ld: cannot find -lpthreads
collect2: error: ld returned 1 exit status
CMakeFiles/cmTC_82acd.dir/build.make:97: recipe for target 'cmTC_82acd' failed
make[1]: *** [cmTC_82acd] Error 1
make[1]: Leaving directory '/home/anigomez/work/openMVS/build/CMakeFiles/CMakeTmp'
Makefile:126: recipe for target 'cmTC_82acd/fast' failed
make: *** [cmTC_82acd/fast] Error 2


Performing C++ SOURCE FILE Test SUPPORTS_STD_CXX14 failed with the following output:
Change Dir: /home/anigomez/work/openMVS/build/CMakeFiles/CMakeTmp

Run Build Command:"/usr/bin/make" "cmTC_74388/fast"
/usr/bin/make -f CMakeFiles/cmTC_74388.dir/build.make CMakeFiles/cmTC_74388.dir/build
make[1]: Entering directory '/home/anigomez/work/openMVS/build/CMakeFiles/CMakeTmp'
Building CXX object CMakeFiles/cmTC_74388.dir/src.cxx.o
/usr/bin/c++    -isystem -Wignored-attributes -Wall -Wextra -Wmisleading-indentation -Wstrict-aliasing -DSUPPORTS_STD_CXX14   --std=c++14 -o CMakeFiles/cmTC_74388.dir/src.cxx.o -c /home/anigomez/work/openMVS/build/CMakeFiles/CMakeTmp/src.cxx
c++: error: unrecognized command line option '-Wmisleading-indentation'
CMakeFiles/cmTC_74388.dir/build.make:65: recipe for target 'CMakeFiles/cmTC_74388.dir/src.cxx.o' failed
make[1]: *** [CMakeFiles/cmTC_74388.dir/src.cxx.o] Error 1
make[1]: Leaving directory '/home/anigomez/work/openMVS/build/CMakeFiles/CMakeTmp'
Makefile:126: recipe for target 'cmTC_74388/fast' failed
make: *** [cmTC_74388/fast] Error 2

Source file was:
int main() { return 0; }
Performing C++ SOURCE FILE Test SUPPORTS_STD_CXX11 failed with the following output:
Change Dir: /home/anigomez/work/openMVS/build/CMakeFiles/CMakeTmp

Run Build Command:"/usr/bin/make" "cmTC_e96b2/fast"
/usr/bin/make -f CMakeFiles/cmTC_e96b2.dir/build.make CMakeFiles/cmTC_e96b2.dir/build
make[1]: Entering directory '/home/anigomez/work/openMVS/build/CMakeFiles/CMakeTmp'
Building CXX object CMakeFiles/cmTC_e96b2.dir/src.cxx.o
/usr/bin/c++    -isystem -Wignored-attributes -Wall -Wextra -Wmisleading-indentation -Wstrict-aliasing -DSUPPORTS_STD_CXX11   --std=c++11 -o CMakeFiles/cmTC_e96b2.dir/src.cxx.o -c /home/anigomez/work/openMVS/build/CMakeFiles/CMakeTmp/src.cxx
c++: error: unrecognized command line option '-Wmisleading-indentation'
CMakeFiles/cmTC_e96b2.dir/build.make:65: recipe for target 'CMakeFiles/cmTC_e96b2.dir/src.cxx.o' failed
make[1]: *** [CMakeFiles/cmTC_e96b2.dir/src.cxx.o] Error 1
make[1]: Leaving directory '/home/anigomez/work/openMVS/build/CMakeFiles/CMakeTmp'
Makefile:126: recipe for target 'cmTC_e96b2/fast' failed
make: *** [cmTC_e96b2/fast] Error 2

Source file was:
int main() { return 0; }
Determining if the pthread_create exist failed with the following output:
Change Dir: /home/anigomez/work/openMVS/build/CMakeFiles/CMakeTmp

Run Build Command:"/usr/bin/make" "cmTC_a3e0e/fast"
/usr/bin/make -f CMakeFiles/cmTC_a3e0e.dir/build.make CMakeFiles/cmTC_a3e0e.dir/build
make[1]: Entering directory '/home/anigomez/work/openMVS/build/CMakeFiles/CMakeTmp'
Building C object CMakeFiles/cmTC_a3e0e.dir/CheckSymbolExists.c.o
/usr/bin/cc   -fPIC  -O3 -DNDEBUG   -o CMakeFiles/cmTC_a3e0e.dir/CheckSymbolExists.c.o   -c /home/anigomez/work/openMVS/build/CMakeFiles/CMakeTmp/CheckSymbolExists.c
Linking C executable cmTC_a3e0e
/usr/bin/cmake -E cmake_link_script CMakeFiles/cmTC_a3e0e.dir/link.txt --verbose=1
/usr/bin/cc -fPIC  -O3 -DNDEBUG    -rdynamic CMakeFiles/cmTC_a3e0e.dir/CheckSymbolExists.c.o  -o cmTC_a3e0e 
CMakeFiles/cmTC_a3e0e.dir/CheckSymbolExists.c.o: In function `main':
CheckSymbolExists.c:(.text.startup+0x3): undefined reference to `pthread_create'
collect2: error: ld returned 1 exit status
CMakeFiles/cmTC_a3e0e.dir/build.make:97: recipe for target 'cmTC_a3e0e' failed
make[1]: *** [cmTC_a3e0e] Error 1
make[1]: Leaving directory '/home/anigomez/work/openMVS/build/CMakeFiles/CMakeTmp'
Makefile:126: recipe for target 'cmTC_a3e0e/fast' failed
make: *** [cmTC_a3e0e/fast] Error 2

File /home/anigomez/work/openMVS/build/CMakeFiles/CMakeTmp/CheckSymbolExists.c:
/* */
#include <pthread.h>

int main(int argc, char** argv)
{
  (void)argv;
#ifndef pthread_create
  return ((int*)(&pthread_create))[argc];
#else
  (void)argc;
  return 0;
#endif
}

Determining if the function pthread_create exists in the pthreads failed with the following output:
Change Dir: /home/anigomez/work/openMVS/build/CMakeFiles/CMakeTmp

Run Build Command:"/usr/bin/make" "cmTC_07708/fast"
/usr/bin/make -f CMakeFiles/cmTC_07708.dir/build.make CMakeFiles/cmTC_07708.dir/build
make[1]: Entering directory '/home/anigomez/work/openMVS/build/CMakeFiles/CMakeTmp'
Building C object CMakeFiles/cmTC_07708.dir/CheckFunctionExists.c.o
/usr/bin/cc   -fPIC -DCHECK_FUNCTION_EXISTS=pthread_create -O3 -DNDEBUG   -o CMakeFiles/cmTC_07708.dir/CheckFunctionExists.c.o   -c /usr/share/cmake-3.10/Modules/CheckFunctionExists.c
Linking C executable cmTC_07708
/usr/bin/cmake -E cmake_link_script CMakeFiles/cmTC_07708.dir/link.txt --verbose=1
/usr/bin/cc -fPIC -DCHECK_FUNCTION_EXISTS=pthread_create -O3 -DNDEBUG    -rdynamic CMakeFiles/cmTC_07708.dir/CheckFunctionExists.c.o  -o cmTC_07708 -lpthreads 
/usr/bin/ld: cannot find -lpthreads
collect2: error: ld returned 1 exit status
CMakeFiles/cmTC_07708.dir/build.make:97: recipe for target 'cmTC_07708' failed
make[1]: *** [cmTC_07708] Error 1
make[1]: Leaving directory '/home/anigomez/work/openMVS/build/CMakeFiles/CMakeTmp'
Makefile:126: recipe for target 'cmTC_07708/fast' failed
make: *** [cmTC_07708/fast] Error 2


Determining if the pthread_create exist failed with the following output:
Change Dir: /home/anigomez/work/openMVS/build/CMakeFiles/CMakeTmp

Run Build Command:"/usr/bin/make" "cmTC_45cf5/fast"
make[1]: Entering directory '/home/anigomez/work/openMVS/build/CMakeFiles/CMakeTmp'
/usr/bin/make -f CMakeFiles/cmTC_45cf5.dir/build.make CMakeFiles/cmTC_45cf5.dir/build
make[2]: Entering directory '/home/anigomez/work/openMVS/build/CMakeFiles/CMakeTmp'
Building C object CMakeFiles/cmTC_45cf5.dir/CheckSymbolExists.c.o
/usr/bin/cc   -fPIC    -o CMakeFiles/cmTC_45cf5.dir/CheckSymbolExists.c.o   -c /home/anigomez/work/openMVS/build/CMakeFiles/CMakeTmp/CheckSymbolExists.c
Linking C executable cmTC_45cf5
/usr/bin/cmake -E cmake_link_script CMakeFiles/cmTC_45cf5.dir/link.txt --verbose=1
/usr/bin/cc -fPIC     -rdynamic CMakeFiles/cmTC_45cf5.dir/CheckSymbolExists.c.o  -o cmTC_45cf5 
CMakeFiles/cmTC_45cf5.dir/CheckSymbolExists.c.o: In function `main':
CheckSymbolExists.c:(.text+0x1b): undefined reference to `pthread_create'
collect2: error: ld returned 1 exit status
CMakeFiles/cmTC_45cf5.dir/build.make:97: recipe for target 'cmTC_45cf5' failed
make[2]: *** [cmTC_45cf5] Error 1
make[2]: Leaving directory '/home/anigomez/work/openMVS/build/CMakeFiles/CMakeTmp'
Makefile:126: recipe for target 'cmTC_45cf5/fast' failed
make[1]: *** [cmTC_45cf5/fast] Error 2
make[1]: Leaving directory '/home/anigomez/work/openMVS/build/CMakeFiles/CMakeTmp'

File /home/anigomez/work/openMVS/build/CMakeFiles/CMakeTmp/CheckSymbolExists.c:
/* */
#include <pthread.h>

int main(int argc, char** argv)
{
  (void)argv;
#ifndef pthread_create
  return ((int*)(&pthread_create))[argc];
#else
  (void)argc;
  return 0;
#endif
}

Determining if the function pthread_create exists in the pthreads failed with the following output:
Change Dir: /home/anigomez/work/openMVS/build/CMakeFiles/CMakeTmp

Run Build Command:"/usr/bin/make" "cmTC_fb0c6/fast"
make[1]: Entering directory '/home/anigomez/work/openMVS/build/CMakeFiles/CMakeTmp'
/usr/bin/make -f CMakeFiles/cmTC_fb0c6.dir/build.make CMakeFiles/cmTC_fb0c6.dir/build
make[2]: Entering directory '/home/anigomez/work/openMVS/build/CMakeFiles/CMakeTmp'
Building C object CMakeFiles/cmTC_fb0c6.dir/CheckFunctionExists.c.o
/usr/bin/cc   -fPIC -DCHECK_FUNCTION_EXISTS=pthread_create   -o CMakeFiles/cmTC_fb0c6.dir/CheckFunctionExists.c.o   -c /usr/share/cmake-3.10/Modules/CheckFunctionExists.c
Linking C executable cmTC_fb0c6
/usr/bin/cmake -E cmake_link_script CMakeFiles/cmTC_fb0c6.dir/link.txt --verbose=1
/usr/bin/cc -fPIC -DCHECK_FUNCTION_EXISTS=pthread_create    -rdynamic CMakeFiles/cmTC_fb0c6.dir/CheckFunctionExists.c.o  -o cmTC_fb0c6 -lpthreads 
/usr/bin/x86_64-linux-gnu-ld: cannot find -lpthreads
collect2: error: ld returned 1 exit status
CMakeFiles/cmTC_fb0c6.dir/build.make:97: recipe for target 'cmTC_fb0c6' failed
make[2]: *** [cmTC_fb0c6] Error 1
make[2]: Leaving directory '/home/anigomez/work/openMVS/build/CMakeFiles/CMakeTmp'
Makefile:126: recipe for target 'cmTC_fb0c6/fast' failed
make[1]: *** [cmTC_fb0c6/fast] Error 2
make[1]: Leaving directory '/home/anigomez/work/openMVS/build/CMakeFiles/CMakeTmp'


Determining if the pthread_create exist failed with the following output:
Change Dir: /home/anigomez/work/QopiusLabs/AnnaG/openMVS/build/CMakeFiles/CMakeTmp

Run Build Command:"/usr/bin/make" "cmTC_57466/fast"
/usr/bin/make -f CMakeFiles/cmTC_57466.dir/build.make CMakeFiles/cmTC_57466.dir/build
make[1]: Entering directory '/home/anigomez/work/QopiusLabs/AnnaG/openMVS/build/CMakeFiles/CMakeTmp'
Building C object CMakeFiles/cmTC_57466.dir/CheckSymbolExists.c.o
/usr/bin/cc   -fPIC    -o CMakeFiles/cmTC_57466.dir/CheckSymbolExists.c.o   -c /home/anigomez/work/QopiusLabs/AnnaG/openMVS/build/CMakeFiles/CMakeTmp/CheckSymbolExists.c
Linking C executable cmTC_57466
/usr/bin/cmake -E cmake_link_script CMakeFiles/cmTC_57466.dir/link.txt --verbose=1
/usr/bin/cc -fPIC     -rdynamic CMakeFiles/cmTC_57466.dir/CheckSymbolExists.c.o  -o cmTC_57466 
CMakeFiles/cmTC_57466.dir/CheckSymbolExists.c.o: In function `main':
CheckSymbolExists.c:(.text+0x1b): undefined reference to `pthread_create'
collect2: error: ld returned 1 exit status
CMakeFiles/cmTC_57466.dir/build.make:97: recipe for target 'cmTC_57466' failed
make[1]: *** [cmTC_57466] Error 1
make[1]: Leaving directory '/home/anigomez/work/QopiusLabs/AnnaG/openMVS/build/CMakeFiles/CMakeTmp'
Makefile:126: recipe for target 'cmTC_57466/fast' failed
make: *** [cmTC_57466/fast] Error 2

File /home/anigomez/work/QopiusLabs/AnnaG/openMVS/build/CMakeFiles/CMakeTmp/CheckSymbolExists.c:
/* */
#include <pthread.h>

int main(int argc, char** argv)
{
  (void)argv;
#ifndef pthread_create
  return ((int*)(&pthread_create))[argc];
#else
  (void)argc;
  return 0;
#endif
}

Determining if the function pthread_create exists in the pthreads failed with the following output:
Change Dir: /home/anigomez/work/QopiusLabs/AnnaG/openMVS/build/CMakeFiles/CMakeTmp

Run Build Command:"/usr/bin/make" "cmTC_ca83f/fast"
/usr/bin/make -f CMakeFiles/cmTC_ca83f.dir/build.make CMakeFiles/cmTC_ca83f.dir/build
make[1]: Entering directory '/home/anigomez/work/QopiusLabs/AnnaG/openMVS/build/CMakeFiles/CMakeTmp'
Building C object CMakeFiles/cmTC_ca83f.dir/CheckFunctionExists.c.o
/usr/bin/cc   -fPIC -DCHECK_FUNCTION_EXISTS=pthread_create   -o CMakeFiles/cmTC_ca83f.dir/CheckFunctionExists.c.o   -c /usr/share/cmake-3.10/Modules/CheckFunctionExists.c
Linking C executable cmTC_ca83f
/usr/bin/cmake -E cmake_link_script CMakeFiles/cmTC_ca83f.dir/link.txt --verbose=1
/usr/bin/cc -fPIC -DCHECK_FUNCTION_EXISTS=pthread_create    -rdynamic CMakeFiles/cmTC_ca83f.dir/CheckFunctionExists.c.o  -o cmTC_ca83f -lpthreads 
/usr/bin/ld: cannot find -lpthreads
collect2: error: ld returned 1 exit status
CMakeFiles/cmTC_ca83f.dir/build.make:97: recipe for target 'cmTC_ca83f' failed
make[1]: *** [cmTC_ca83f] Error 1
make[1]: Leaving directory '/home/anigomez/work/QopiusLabs/AnnaG/openMVS/build/CMakeFiles/CMakeTmp'
Makefile:126: recipe for target 'cmTC_ca83f/fast' failed
make: *** [cmTC_ca83f/fast] Error 2


